[14:14:28] [main/INFO]: Loading Minecraft 1.21.1 with Fabric Loader 0.17.2
[14:14:28] [main/INFO]: Loading 4 mods:
	- fabricloader 0.17.2
	   \-- mixinextras 0.5.0
	- java 21
	- minecraft 1.21.1
[14:14:28] [main/INFO]: SpongePowered MIXIN Subsystem Version=0.8.7 Source=file:/workspaces/cs-fabric-server/libraries/net/fabricmc/sponge-mixin/0.16.3+mixin.0.8.7/sponge-mixin-0.16.3+mixin.0.8.7.jar Service=Knot/Fabric Env=SERVER
[14:14:33] [main/INFO]: Environment: Environment[sessionHost=https://sessionserver.mojang.com, servicesHost=https://api.minecraftservices.com, name=PROD]
[14:14:34] [main/INFO]: Loaded 1290 recipes
[14:14:35] [main/INFO]: Loaded 1399 advancements
[14:14:35] [Server thread/INFO]: Starting minecraft server version 1.21.1
[14:14:35] [Server thread/INFO]: Loading properties
[14:14:35] [Server thread/INFO]: Default game type: CREATIVE
[14:14:35] [Server thread/INFO]: Generating keypair
[14:14:35] [Server thread/INFO]: Starting Minecraft server on *:25565
[14:14:35] [Server thread/INFO]: Using epoll channel type
[14:14:35] [Server thread/WARN]: **** SERVER IS RUNNING IN OFFLINE/INSECURE MODE!
[14:14:35] [Server thread/WARN]: The server will make no attempt to authenticate usernames. Beware.
[14:14:35] [Server thread/WARN]: While this makes the game possible to play without internet access, it also opens up the ability for hackers to connect with any username they choose.
[14:14:35] [Server thread/WARN]: To change this, set "online-mode" to "true" in the server.properties file.
[14:14:35] [Server thread/INFO]: Preparing level "world"
[14:14:38] [Server thread/INFO]: Preparing start region for dimension minecraft:overworld
[14:14:38] [Worker-Main-2/INFO]: Preparing spawn area: 0%
[14:14:38] [Server thread/INFO]: Time elapsed: 533 ms
[14:14:38] [Server thread/INFO]: Done (3.114s)! For help, type "help"
